<?xml version="1.0" encoding="UTF-8"?>
<!-- Generated by org.testng.reporters.JUnitXMLReporter -->
<testsuite ignored="0" hostname="Ahamed" failures="0" tests="3" name="test" time="20.946" errors="0" timestamp="12 Jun 2024 08:18:05 GMT">
  <testcase classname="mavenpractice.Project_Final2024.LoginTest" name="navigation" time="7.376"/>
  <testcase classname="mavenpractice.Project_Final2024.LoginTest" name="navigation" time="6.088"/>
  <testcase classname="mavenpractice.Project_Final2024.LoginTest" name="navigation" time="6.053"/>
</testsuite> <!-- test -->
