<?xml version="1.0" encoding="UTF-8"?>
<testng-results ignored="0" total="3" passed="3" failed="0" skipped="0">
  <reporter-output>
  </reporter-output>
  <suite started-at="2024-06-12T08:17:44Z" name="Suite" finished-at="2024-06-12T08:18:05Z" duration-ms="20946">
    <groups>
    </groups>
    <test started-at="2024-06-12T08:17:44Z" name="test" finished-at="2024-06-12T08:18:05Z" duration-ms="20946">
      <class name="mavenpractice.Project_Final2024.LoginTest">
        <test-method signature="navigation(java.lang.String, java.lang.String)[pri:0, instance:mavenpractice.Project_Final2024.LoginTest@24855019]" started-at="2024-06-12T08:17:45Z" name="navigation" data-provider="getData" finished-at="2024-06-12T08:17:52Z" duration-ms="7376" status="PASS">
          <params>
            <param index="0">
              <value>
                <![CDATA[user1]]>
              </value>
            </param>
            <param index="1">
              <value>
                <![CDATA[pass1]]>
              </value>
            </param>
          </params>
          <reporter-output>
          </reporter-output>
        </test-method> <!-- navigation -->
        <test-method signature="navigation(java.lang.String, java.lang.String)[pri:0, instance:mavenpractice.Project_Final2024.LoginTest@24855019]" started-at="2024-06-12T08:17:53Z" name="navigation" data-provider="getData" finished-at="2024-06-12T08:17:59Z" duration-ms="6088" status="PASS">
          <params>
            <param index="0">
              <value>
                <![CDATA[user2]]>
              </value>
            </param>
            <param index="1">
              <value>
                <![CDATA[pass2]]>
              </value>
            </param>
          </params>
          <reporter-output>
          </reporter-output>
        </test-method> <!-- navigation -->
        <test-method signature="navigation(java.lang.String, java.lang.String)[pri:0, instance:mavenpractice.Project_Final2024.LoginTest@24855019]" started-at="2024-06-12T08:17:59Z" name="navigation" data-provider="getData" finished-at="2024-06-12T08:18:05Z" duration-ms="6053" status="PASS">
          <params>
            <param index="0">
              <value>
                <![CDATA[user3]]>
              </value>
            </param>
            <param index="1">
              <value>
                <![CDATA[pass3]]>
              </value>
            </param>
          </params>
          <reporter-output>
          </reporter-output>
        </test-method> <!-- navigation -->
      </class> <!-- mavenpractice.Project_Final2024.LoginTest -->
    </test> <!-- test -->
  </suite> <!-- Suite -->
</testng-results>
